Arguments: 
  /Users/avjpl/.nvm/versions/node/v13.12.0/bin/node /usr/local/Cellar/yarn/1.22.0/libexec/bin/yarn.js init -t

PATH: 
  /usr/local/sbin:/Users/avjpl/.nvm/versions/node/v13.12.0/bin:/usr/local/bin:/usr/local:/usr/bin:/bin:/usr/sbin:/sbin:/Users/avjpl/dev-tools/bin:/Users/avjpl/scripts/docker/toolbox:/Users/avjpl/scripts/bin:/Users/avjpl/dev-tools/redis/src:/usr/local/opt/gnu-sed/libexec/gnubin:/Users/avjpl/dev-tools/mongodbenterprise/bin:/Users/avjpl/go/bin:/usr/local/go/bin:/Users/avjpl/elasticsearch/bin:/Users/avjpl/dev-tools/PostgreSQL12/bin:/Users/avjpl/.yarn/bin:/Users/avjpl/.cargo/bin:/Users/avjpl/dev-tools/selenium-drivers:/usr/local/openresty/bin:/usr/local/openresty/nginx/sbin:/Users/avjpl/bin:/Users/avjpl/dev-tools/geckodriver:/Users/avjpl/gitRepos/depot_tools:/Users/avjpl/dev-tools/flutter/bin:/Users/avjpl/dev-tools/ngrok

Yarn version: 
  1.22.0

Node version: 
  13.12.0

Platform: 
  darwin x64

Trace: 
  Error: canceled
      at Interface.<anonymous> (/usr/local/Cellar/yarn/1.22.0/libexec/lib/cli.js:136987:13)
      at Interface.emit (events.js:315:20)
      at Interface._ttyWrite (readline.js:873:16)
      at ReadStream.onkeypress (readline.js:213:10)
      at ReadStream.emit (events.js:315:20)
      at emitKeys (internal/readline/utils.js:335:14)
      at emitKeys.next (<anonymous>)
      at ReadStream.onData (readline.js:1140:36)
      at ReadStream.emit (events.js:315:20)
      at addChunk (_stream_readable.js:297:12)

npm manifest: 
  No manifest

yarn manifest: 
  No manifest

Lockfile: 
  No lockfile
